1             ZK1
1             ZK2
1             ZK4
**********总计钻孔数: 3**********共计层位数: 14**********日期:2020-9-4**********
1             ZK3
1             ZK5
**********总计钻孔数: 2**********共计层位数: 10**********日期:2020-9-4**********
1             ZK3
1             ZK5
**********总计钻孔数: 2**********共计层位数: 10**********日期:2020-9-4**********
已存在钻孔ZK3的分层数据！
已存在钻孔ZK5的分层数据！
**********总计钻孔数: 0**********共计层位数: 0**********日期:2020-9-4**********
1             BK16
1             BK20
**********总计钻孔数: 2**********共计层位数: 12**********日期:2020-9-4**********
1             BK16
1             BK20
**********总计钻孔数: 2**********共计层位数: 12**********日期:2020-9-4**********
1             8-1
1             BK20
**********总计钻孔数: 2**********共计层位数: 9**********日期:2020-9-10**********
已存在钻孔8-1的分层数据！不要覆盖！
已存在钻孔BK20的分层数据！不要覆盖！
**********总计钻孔数: 0**********共计层位数: 0**********日期:2020-9-10**********
1             CTE5
1             CTE6
1             CTE7
1             CTE8
1             CTE9
1             CTE10
**********总计钻孔数: 6**********共计层位数: 41**********日期:2020-10-12**********
1             CTE11
1             CTE12
1             CTE13
1             CTE14
**********总计钻孔数: 4**********共计层位数: 25**********日期:2020-10-12**********
1             CTE15
1             CTE16
1             CTE17
1             CTE20
1             CTE19
1             CTE18
1             CTE27
1             CTE28
1             CTE29
1             CTE30
1             CTE31
1             CTE32
1             CTE37
1             CTE36
1             CTE39
1             CTE40
1             CTE42
1             CTE41
1             CTE45
1             CTE46
1             CTE48
1             CTE47
1             CTE49
1             CTE50
1             CTE51
1             CTE52
1             CTE53
1             CTE54
1             CTE55
1             CTE56
1             CTE57
1             CTE58
1             CTE59
1             CTE60
**********总计钻孔数: 34**********共计层位数: 239**********日期:2020-10-12**********
1             CTE1
1             CTE2
1             CTE3
1             CTE4
**********总计钻孔数: 4**********共计层位数: 22**********日期:2020-10-12**********
1             CTE21
删除钻孔CTE21的分层数据！
1             CTE21
1             CTE23
1             CTE24
1             CTE25
1             CTE26
**********总计钻孔数: 6**********共计层位数: 28**********日期:2020-10-12**********
1             CTE43
删除钻孔CTE43的分层数据！
1             CTE43
**********总计钻孔数: 2**********共计层位数: 14**********日期:2020-10-12**********
删除钻孔CTE21的分层数据！
1             CTE21
1             CTE22
**********总计钻孔数: 2**********共计层位数: 10**********日期:2020-10-12**********
删除钻孔CTE43的分层数据！
1             CTE43
1             CTE44
**********总计钻孔数: 2**********共计层位数: 14**********日期:2020-10-12**********
1             CTE33
1             CTE34
1             CTE35
1             CTE38
**********总计钻孔数: 4**********共计层位数: 29**********日期:2020-10-12**********
14661         CXJ68
14661         CXJ74
14661         CXJ89
14661         CXJ96
14661         CXK97
14661         CXJ92
14661         CXJ63
14661         CXK79
14661         CXJ93
删除钻孔CXK97的分层数据！
14661         CXK97
删除钻孔CXJ92的分层数据！
14661         CXJ92
删除钻孔CXJ93的分层数据！
14661         CXJ93
14661         CXK94
14661         CXJ95
14661         CXK82
14661         CXK88
删除钻孔CXJ89的分层数据！
14661         CXJ89
14661         CXJ90
14661         CXK91
14661         CXJ83
14661         CXJ84
14661         CXK85
14661         CXJ86
14661         CXJ87
14661         CXJ71
14661         CXJ72
14661         CXK73
删除钻孔CXJ74的分层数据！
14661         CXJ74
14661         CXJ75
14661         CXK76
14661         CXJ77
14661         CXJ78
14661         CXJ80
14661         CXJ81
14661         CXK61
14661         CXJ62
删除钻孔CXJ63的分层数据！
14661         CXJ63
14661         CXJ65
14661         CXJ66
删除钻孔CXJ68的分层数据！
14661         CXJ68
14661         CXJ69
14661         CXK70
删除钻孔CXJ71的分层数据！
14661         CXJ71
**********总计钻孔数: 43**********共计层位数: 340**********日期:2020-10-20**********
删除钻孔CXJ72的分层数据！
14661         CXJ72
**********总计钻孔数: 1**********共计层位数: 8**********日期:2020-10-21**********
删除钻孔CXK73的分层数据！
14661         CXK73
**********总计钻孔数: 1**********共计层位数: 8**********日期:2020-10-21**********
1             1号孔
1             2号孔
**********总计钻孔数: 2**********共计层位数: 8**********日期:2020-10-22**********
1             JZ1
1             JZ2
1             JZ3
**********总计钻孔数: 3**********共计层位数: 10**********日期:2020-10-23**********
14661         XK170
14661         XK171
14661         XJ175
14661         XK176
14661         XJ177
**********总计钻孔数: 5**********共计层位数: 30**********日期:2020-10-26**********
14661         XK203
14661         XJ204
14661         XJ205
14661         XK206
14661         XJ207
14661         XJ208
14661         XK209
14661         XJ210
14661         XJ211
14661         XK212
14661         XJ213
14661         XJ214
14661         XK215
14661         XJ216
14661         XJ217
14661         XK218
14661         XJ219
14661         XJ220
14661         XK221
14661         XJ222
**********总计钻孔数: 20**********共计层位数: 142**********日期:2020-10-26**********
14661         XK113
14661         XJ114
14661         XJ115
14661         XK116
14661         XJ117
14661         XJ118
14661         XK119
14661         XJ120
14661         XJ121
14661         XK122
14661         XJ123
14661         XJ124
14661         XJ127
14661         XK125
14661         XJ126
14661         XK128
14661         XJ129
14661         XJ130
14661         XK131
14661         XJ132
14661         XJ133
14661         XK134
14661         XJ135
删除钻孔XK119的分层数据！
14661         XK119
14661         XJ136
14661         XK137
14661         XJ138
14661         XJ142
14661         XK143
14661         XJ144
14661         XJ145
14661         XK146
14661         XJ147
**********总计钻孔数: 33**********共计层位数: 236**********日期:2020-10-29**********
14661         XJ148
14661         XK149
14661         XJ150
14661         XJ151
14661         XK152
14661         XJ153
**********总计钻孔数: 6**********共计层位数: 36**********日期:2020-10-30**********
没有找到钻孔XJ148,行 9
没有找到钻孔XK149,行 14
没有找到钻孔XJ150,行 21
没有找到钻孔XJ151,行 27
没有找到钻孔XK152,行 33
没有找到钻孔XJ153,行 40
**********总计钻孔数: 0**********共计层位数: 0**********日期:2020-10-30**********
14661         XJ154
14661         XK155
14661         XJ156
14661         XJ157
14661         XK158
14661         XJ159
14661         XK164
14661         XJ165
14661         XJ166
**********总计钻孔数: 9**********共计层位数: 58**********日期:2020-10-30**********
删除钻孔XK167的分层数据！
14661         XK167
14661         XJ168
14661         XJ169
**********总计钻孔数: 3**********共计层位数: 15**********日期:2020-10-30**********
14661         XK173
14661         XJ174
**********总计钻孔数: 2**********共计层位数: 12**********日期:2020-10-30**********
14661         XJ183
14661         XJ184
14661         XK185
14661         XJ186
14661         XJ187
**********总计钻孔数: 5**********共计层位数: 32**********日期:2020-10-30**********
14661         XK242
14661         XJ241
14661         XJ240
**********总计钻孔数: 3**********共计层位数: 24**********日期:2020-11-1**********
14661         XK239
14661         XJ238
14661         XJ237
**********总计钻孔数: 3**********共计层位数: 26**********日期:2020-11-1**********
14661         XK236
14661         XJ235
14661         XJ234
**********总计钻孔数: 3**********共计层位数: 23**********日期:2020-11-1**********
14661         XK233
14661         XJ232
14661         XJ231
**********总计钻孔数: 3**********共计层位数: 24**********日期:2020-11-1**********
14661         XK230
14661         XJ229
14661         XJ228
**********总计钻孔数: 3**********共计层位数: 19**********日期:2020-11-1**********
14661         XK227
14661         XJ226
14661         XJ225
**********总计钻孔数: 3**********共计层位数: 18**********日期:2020-11-1**********
14661         XK224
14661         XJ223
**********总计钻孔数: 2**********共计层位数: 13**********日期:2020-11-1**********
14661         XJ243
14661         XJ244
14661         XK245
**********总计钻孔数: 3**********共计层位数: 21**********日期:2020-11-1**********
14661         XJ246
14661         XJ247
14661         XK248
**********总计钻孔数: 3**********共计层位数: 21**********日期:2020-11-1**********
14661         XJ249
14661         XJ250
14661         XK251
**********总计钻孔数: 3**********共计层位数: 25**********日期:2020-11-1**********
14661         XJ252
14661         XJ253
14661         XK254
14661         XJ255
14661         XJ256
14661         XK257
**********总计钻孔数: 6**********共计层位数: 35**********日期:2020-11-1**********
14661         XJ258
14661         XJ259
14661         XK260
14661         XJ261
14661         XJ262
**********总计钻孔数: 5**********共计层位数: 25**********日期:2020-11-1**********
14661         XK188
14661         XJ190
14661         XK191
14661         XJ192
14661         XJ193
14661         XK194
14661         XJ195
14661         XJ196
14661         XK197
14661         XJ198
14661         XJ199
14661         XK200
14661         XJ201
14661         XJ202
**********总计钻孔数: 14**********共计层位数: 81**********日期:2020-11-1**********
14661         XK98
14661         XJ99
14661         XJ100
14661         XK101
14661         XJ102
14661         XJ103
14661         XK104
14661         XJ105
14661         XJ106
14661         XK107
14661         XJ108
14661         XJ109
14661         XK110
14661         XJ111
14661         XJ112
删除钻孔XK113的分层数据！
14661         XK113
**********总计钻孔数: 16**********共计层位数: 91**********日期:2020-11-2**********
14661         XJ139
14661         XK140
14661         XJ141
**********总计钻孔数: 3**********共计层位数: 20**********日期:2020-11-2**********
删除钻孔XJ159的分层数据！
14661         XJ159
14661         XJ160
14661         XK161
14661         XJ162
14661         XJ163
**********总计钻孔数: 5**********共计层位数: 36**********日期:2020-11-2**********
14661         XJ172
删除钻孔XK173的分层数据！
14661         XK173
删除钻孔XJ174的分层数据！
14661         XJ174
14661         XJ178
14661         XK179
14661         XJ180
14661         XJ181
14661         XK182
删除钻孔XJ183的分层数据！
14661         XJ183
删除钻孔XJ184的分层数据！
14661         XJ184
删除钻孔XK185的分层数据！
14661         XK185
删除钻孔XJ186的分层数据！
14661         XJ186
删除钻孔XJ187的分层数据！
14661         XJ187
**********总计钻孔数: 13**********共计层位数: 93**********日期:2020-11-2**********
14661         XJ264
14661         XK263
**********总计钻孔数: 2**********共计层位数: 13**********日期:2020-11-2**********
1101          K1
1101          K2
**********总计钻孔数: 2**********共计层位数: 6**********日期:2020-11-4**********
删除钻孔K1的分层数据！
1101          K1
删除钻孔K2的分层数据！
1101          K2
**********总计钻孔数: 2**********共计层位数: 10**********日期:2020-11-4**********
14661         XJK265
14661         XK270
14661         XJK271
14661         XK278
14661         XK266
14661         XJK269
14661         XK272
14661         XJK277
14661         XJK267
14661         XK268
14661         XJK273
14661         XK274
**********总计钻孔数: 12**********共计层位数: 109**********日期:2020-11-9**********
14661         XK283
14661         XJ284
14661         XK290
**********总计钻孔数: 3**********共计层位数: 13**********日期:2020-11-10**********
14661         XJ291
14661         XJ296
14661         XK297
14661         XJ302
14661         XJ303
14661         XK308
14661         XJ309
14661         XJ314
**********总计钻孔数: 8**********共计层位数: 38**********日期:2020-11-10**********
14661         XJ282
14661         XK285
14661         XJ289
14661         XJ292
14661         XK295
14661         XJ298
14661         XJ301
14661         XK304
14661         XJ307
14661         XJ310
14661         XK313
**********总计钻孔数: 11**********共计层位数: 59**********日期:2020-11-10**********
14661         XJ275
14661         XJ276
14661         XJ279
**********总计钻孔数: 3**********共计层位数: 24**********日期:2020-11-10**********
14661         XK280
14661         XJ281
**********总计钻孔数: 2**********共计层位数: 11**********日期:2020-11-10**********
14661         XK287
14661         XJ286
14661         XJ288
14661         XK293
已存在钻孔XK293的分层数据！不要覆盖！
14661         XJ299
14661         XK300
14661         XJ305
14661         XJ306
14661         XK311
14661         XJ312
**********总计钻孔数: 10**********共计层位数: 60**********日期:2020-11-10**********
14661         XJ326
14661         XJ323
14661         XK322
14661         XK319
14661         XJ318
删除钻孔XJ318的分层数据！
14661         XJ318
**********总计钻孔数: 6**********共计层位数: 48**********日期:2020-11-10**********
14661         XK316
14661         XJ317
14661         XJ320
14661         XJ321
14661         XJ324
**********总计钻孔数: 5**********共计层位数: 39**********日期:2020-11-10**********
14661         XK325
**********总计钻孔数: 1**********共计层位数: 6**********日期:2020-11-10**********
14661         XK1
14661         XJK2
14661         XK3
14661         XJK4
14661         XK5
14661         XJK6
14661         XK7
14661         XJK8
14661         XK9
14661         XJK10
14661         XK11
14661         XJK12
14661         XK13
14661         XJK14
14661         XK15
14661         XJK16
14661         XK17
14661         XJK18
**********总计钻孔数: 18**********共计层位数: 138**********日期:2020-11-18**********
14661         XK19
14661         XJK20
14661         XK21
14661         XJK22
14661         XK23
14661         XJK24
14661         XK25
14661         XJK26
14661         XK27
14661         XJK28
14661         XK29
**********总计钻孔数: 11**********共计层位数: 64**********日期:2020-11-18**********
14661         XJK30
14661         XK31
14661         XJK32
14661         XK33
14661         XJK34
14661         XK35
14661         XJK36
**********总计钻孔数: 7**********共计层位数: 60**********日期:2020-11-18**********
14661         XK49
14661         XK37
14661         XJK38
14661         XK39
**********总计钻孔数: 4**********共计层位数: 32**********日期:2020-11-18**********
14661         XJK50
14661         XK51
14661         XJK52
14661         XJK40
14661         XK41
14661         XJK42
14661         XK43
14661         XJK44
**********总计钻孔数: 8**********共计层位数: 54**********日期:2020-11-18**********
14661         XK45
14661         XJK46
14661         XK47
14661         XJK48
14661         XK53
14661         XJK54
**********总计钻孔数: 6**********共计层位数: 32**********日期:2020-11-18**********
14661         XK55
14661         XJK56
14661         XK59
14661         XJK60
**********总计钻孔数: 4**********共计层位数: 25**********日期:2020-11-18**********
14661         XK57
14661         XJK58
**********总计钻孔数: 2**********共计层位数: 15**********日期:2020-11-18**********
14661         XK340
14661         XK355
14661         XK369
14661         XK380
14661         XK388
14661         XK394
14661         XK420
14661         XK401
14661         XK410
14661         XK417
**********总计钻孔数: 10**********共计层位数: 79**********日期:2020-11-30**********
14661         XK338
14661         XK353
14661         XK367
14661         XK378
14661         XK386
14661         XK392
14661         XK422
14661         XK403
14661         XK412
14661         XK419
**********总计钻孔数: 10**********共计层位数: 82**********日期:2020-11-30**********
14661         XK336
14661         XK351
14661         XK365
14661         XK376
14661         XK384
14661         XK424
14661         XK405
**********总计钻孔数: 7**********共计层位数: 58**********日期:2020-11-30**********
14661         XK334
14661         XK349
14661         XK363
14661         XK374
14661         XK347
14661         XK361
14661         XK328
14661         XK330
14661         XK331
14661         XK339
14661         XK354
14661         XK368
14661         XK379
14661         XK387
14661         XK393
14661         XK421
14661         XK411
14661         XK418
**********总计钻孔数: 18**********共计层位数: 153**********日期:2020-12-1**********
已存在钻孔XK327的分层数据！不要覆盖！
14661         XK341
14661         XK356
14661         XK370
14661         XK381
14661         XK389
14661         XK395
14661         XK400
14661         XK402
14661         XK409
14661         XK416
14661         XK414
14661         XK329
已存在钻孔XK332的分层数据！不要覆盖！
已存在钻孔XK327的分层数据！不要覆盖！
14661         XK337
14661         XK335
14661         XK333
已存在钻孔XK332的分层数据！不要覆盖！
14661         XK352
14661         XK350
14661         XK348
14661         XK346
14661         XK366
14661         XK364
14661         XK362
14661         XK377
14661         XK375
14661         XK385
14661         XK391
14661         XK423
14661         XK397
14661         XK404
14661         XK406
14661         XK413
**********总计钻孔数: 31**********共计层位数: 257**********日期:2020-12-2**********
删除钻孔XK341的分层数据！
14661         XK341
14661         XK342
14661         XK343
14661         XK344
删除钻孔XK345的分层数据！
14661         XK345
14661         XK357
14661         XK358
14661         XK359
14661         XK360
14661         XK371
14661         XK372
14661         XK373
14661         XK382
14661         XK383
14661         XK390
14661         XK396
14661         XK399
14661         XK398
14661         XK408
14661         XK407
14661         XK415
**********总计钻孔数: 21**********共计层位数: 176**********日期:2020-12-2**********
14661         XK420
**********总计钻孔数: 1**********共计层位数: 8**********日期:2020-12-4**********
14661         XK429
14661         XJ428
14661         XJ427
14661         XK426
14661         XJ425
14661         XJ440
14661         XK441
14661         XJ442
**********总计钻孔数: 8**********共计层位数: 61**********日期:2020-12-5**********
204630        XK601
204630        XK602
204630        XK603
204630        XK604
204630        XK605
204630        XK606
204630        XK607
204630        XK608
204630        XK609
204630        XK610
204630        XK611
204630        XK612
204630        XK613
204630        XK614
204630        XK615
204630        XK616
204630        XK617
204630        XK618
204630        XK619
204630        XK620
204630        XK621
204630        XK622
204630        XK623
204630        XK624
204630        XK625
204630        XK626
204630        XK627
204630        XK628
**********总计钻孔数: 28**********共计层位数: 177**********日期:2020-12-7**********
删除钻孔XK608的分层数据！
204630        XK608
**********总计钻孔数: 1**********共计层位数: 7**********日期:2020-12-7**********
204630        XK629
204630        XK630
204630        XK631
204630        XK632
204630        XK633
204630        XK634
204630        XK635
204630        XK636
204630        XK637
204630        XK638
204630        XK639
204630        XK640
204630        XK641
204630        XK642
204630        XK643
204630        XK644
204630        XK645
204630        XK646
204630        XK647
204630        XK648
204630        XK649
204630        XK650
204630        XK651
204630        XK652
删除钻孔XK653的分层数据！
204630        XK653
**********总计钻孔数: 25**********共计层位数: 167**********日期:2020-12-8**********
1             K1
1             K2
1             K3
1             K4
1             K5
1             K6
1             K7
1             K8
1             K9
删除钻孔K9的分层数据！
1             K9
**********总计钻孔数: 10**********共计层位数: 58**********日期:2020-12-14**********
删除钻孔K1的分层数据！
1             K1
删除钻孔K2的分层数据！
1             K2
删除钻孔K3的分层数据！
1             K3
删除钻孔K4的分层数据！
1             K4
删除钻孔K5的分层数据！
1             K5
删除钻孔K6的分层数据！
1             K6
删除钻孔K7的分层数据！
1             K7
删除钻孔K8的分层数据！
1             K8
删除钻孔K9的分层数据！
1             K9
1             K10
**********总计钻孔数: 10**********共计层位数: 58**********日期:2020-12-14**********
1879          K1
1879          K2
1879          K3
1879          K4
**********总计钻孔数: 4**********共计层位数: 16**********日期:2020-12-19**********
2547          K1
2547          K2
2547          K3
**********总计钻孔数: 3**********共计层位数: 17**********日期:2020-12-19**********
14661         XK430
14661         XJ433
14661         XK434
**********总计钻孔数: 3**********共计层位数: 27**********日期:2020-12-23**********
14661         XJ431
14661         XK432
14661         XJ435
**********总计钻孔数: 3**********共计层位数: 26**********日期:2020-12-23**********
14661         XK436
14661         XJ437
**********总计钻孔数: 2**********共计层位数: 18**********日期:2020-12-23**********
3053          K1
已存在钻孔K1的分层数据！不要覆盖！
**********总计钻孔数: 1**********共计层位数: 4**********日期:2020-12-23**********
删除钻孔K1的分层数据！
3053          K1
3053          K2
**********总计钻孔数: 2**********共计层位数: 8**********日期:2020-12-23**********
3342          K1
3342          K2
3342          K3
**********总计钻孔数: 3**********共计层位数: 9**********日期:2020-12-25**********
删除钻孔ZK1的分层数据！
1             ZK1
1             JZ3
没有找到钻孔XK34,行 17
**********总计钻孔数: 2**********共计层位数: 8**********日期:2021-1-3**********
12062         JK30
**********总计钻孔数: 1**********共计层位数: 3**********日期:2021-1-3**********
12062         JK31
12062         JK32
**********总计钻孔数: 2**********共计层位数: 6**********日期:2021-1-3**********
3727          K1
已存在钻孔K1的分层数据！不要覆盖！
**********总计钻孔数: 1**********共计层位数: 6**********日期:2021-1-5**********
删除钻孔K1的分层数据！
3727          K1
删除钻孔K1的分层数据！
3727          K1
**********总计钻孔数: 2**********共计层位数: 12**********日期:2021-1-5**********
删除钻孔K1的分层数据！
3727          K1
3727          K2
**********总计钻孔数: 2**********共计层位数: 12**********日期:2021-1-5**********
14661         高速试桩11
14661         高速试桩1
14661         高速试桩2
14661         高速试桩3
14661         高速试桩4
删除钻孔高速试桩5的分层数据！
14661         高速试桩5
删除钻孔高速试桩6的分层数据！
14661         高速试桩6
14661         高速试桩7
14661         高速试桩8
删除钻孔高速试桩9的分层数据！
14661         高速试桩9
删除钻孔高速试桩10的分层数据！
14661         高速试桩10
14661         高速试桩12
14661         高速试桩13
14661         高速试桩14
14661         高速试桩15
14661         高速试桩16
14661         高速试桩17
14661         高速试桩19
14661         高速试桩20
14661         高速试桩21
14661         高速试桩23
14661         高速试桩24
14661         高速试桩25
14661         高速试桩26
14661         高速试桩27
**********总计钻孔数: 25**********共计层位数: 86**********日期:2021-1-7**********
14661         城市试桩1
14661         城市试桩2
14661         城市试桩3
14661         城市试桩4
**********总计钻孔数: 4**********共计层位数: 15**********日期:2021-1-7**********
删除钻孔城市试桩1的分层数据！
14661         城市试桩1
删除钻孔城市试桩2的分层数据！
14661         城市试桩2
删除钻孔城市试桩3的分层数据！
14661         城市试桩3
14661         城市试桩5
14661         城市试桩6
14661         城市试桩8
14661         城市试桩9
14661         城市试桩10
**********总计钻孔数: 8**********共计层位数: 34**********日期:2021-1-7**********
删除钻孔高速试桩11的分层数据！
14661         高速试桩11
删除钻孔高速试桩4的分层数据！
14661         高速试桩4
删除钻孔高速试桩7的分层数据！
14661         高速试桩7
删除钻孔高速试桩8的分层数据！
14661         高速试桩8
删除钻孔高速试桩12的分层数据！
14661         高速试桩12
删除钻孔高速试桩13的分层数据！
14661         高速试桩13
删除钻孔高速试桩14的分层数据！
14661         高速试桩14
删除钻孔高速试桩15的分层数据！
14661         高速试桩15
删除钻孔高速试桩16的分层数据！
14661         高速试桩16
删除钻孔高速试桩17的分层数据！
14661         高速试桩17
删除钻孔高速试桩19的分层数据！
14661         高速试桩19
删除钻孔高速试桩20的分层数据！
14661         高速试桩20
删除钻孔高速试桩21的分层数据！
14661         高速试桩21
删除钻孔高速试桩23的分层数据！
14661         高速试桩23
删除钻孔高速试桩24的分层数据！
14661         高速试桩24
删除钻孔高速试桩25的分层数据！
14661         高速试桩25
删除钻孔高速试桩26的分层数据！
14661         高速试桩26
删除钻孔高速试桩27的分层数据！
14661         高速试桩27
**********总计钻孔数: 18**********共计层位数: 54**********日期:2021-1-7**********
删除钻孔高速试桩4的分层数据！
14661         高速试桩4
**********总计钻孔数: 1**********共计层位数: 2**********日期:2021-1-8**********
4162          K1
4162          K2
4162          K3
4162          K4
4162          K5
4162          K6
4162          K7
4162          K8
4162          K9
4162          K10
4162          K11
4162          K12
4162          K13
4162          K14
4162          K15
4162          K16
**********总计钻孔数: 16**********共计层位数: 46**********日期:2021-1-11**********
1             JZ1
1             JZ2
1             JZ3
**********总计钻孔数: 3**********共计层位数: 6**********日期:2021-1-17**********
删除钻孔匝道试桩1的分层数据！
 14661        匝道试桩1
删除钻孔高速试桩6的分层数据！
 14661        高速试桩6
**********总计钻孔数: 2**********共计层位数: 10**********日期:2021-1-23**********
 71071        DJ509
 71071        BSK223
**********总计钻孔数: 2**********共计层位数: 20**********日期:2021-1-27**********
删除钻孔JK980的分层数据！
 71071        JK980
删除钻孔ZK981的分层数据！
 71071        ZK981
**********总计钻孔数: 2**********共计层位数: 20**********日期:2021-1-27**********
